[36m- INFO -[39m HTTP sink starting up, attempting to read from config...
[36m- INFO -[39m ...config for sink loaded
[36m- INFO -[39m Connecting to zmq socket located at: tcp://10.0.0.20:55201...
[36m- INFO -[39m ...connected to bound socket waiting for ventalators
[35m- DEBUG -[39m message from ventalator:{"event":"vent_up"}
[36m- INFO -[39m contacted by ventalator sending confirmation...
[36m- INFO -[39m sink is ventilated, waiting on tasks
[35m- DEBUG -[39m message from ventalator:{"event":"vent_up","data":null,"ventName":"TestRunVent"}
[36m- INFO -[39m contacted by ventalator sending confirmation...
[36m- INFO -[39m sink is ventilated, waiting on tasks
[35m- DEBUG -[39m message from ventalator:{"event":"start_test","data":{"time":1332420052898,"ventID":"92023911","eventID":"7755394251093659001405585"},"ventName":"TestRunVent"}
[36m- INFO -[39m starting test session, eventID:7755394251093659001405585 ventID: 92023911
[35m- DEBUG -[39m message from ventalator:{"event":"test_case","data":{"url":"http://10.0.0.20:5000/ping","expect":{"type":"body","data":"pong"}},"ventName":"TestRunVent"}
[36m- INFO -[39m test case received, msgObj:{ event: 'test_case',
  data: 
   { url: 'http://10.0.0.20:5000/ping',
     expect: { type: 'body', data: 'pong' } },
  ventName: 'TestRunVent' }
[35m- DEBUG -[39m message from ventalator:{"event":"test_case","data":{"url":"http://10.0.0.20/","expect":{"type":"responseCode","data":200}},"ventName":"TestRunVent"}
[36m- INFO -[39m test case received, msgObj:{ event: 'test_case',
  data: 
   { url: 'http://10.0.0.20/',
     expect: { type: 'responseCode', data: 200 } },
  ventName: 'TestRunVent' }
[31m- ERROR -[39m Error: connect ECONNREFUSED

node.js:201
        throw e; // process.nextTick error, or 'error' event on first tick
              ^
TypeError: Cannot read property 'statusCode' of undefined
    at Request._callback (/opt/detest/sinks/http.sink.js:128:23)
    at Request.callback (/opt/detest/node_modules/request/main.js:119:22)
    at Request.<anonymous> (/opt/detest/node_modules/request/main.js:212:58)
    at Request.emit (events.js:67:17)
    at ClientRequest.<anonymous> (/opt/detest/node_modules/request/main.js:209:10)
    at ClientRequest.emit (events.js:67:17)
    at Socket.<anonymous> (http.js:1137:11)
    at Socket.emit (events.js:67:17)
    at Array.0 (net.js:319:25)
    at EventEmitter._tickCallback (node.js:192:40)
